<?xml version="1.0" encoding="UTF-8"?>
<!-- Generated by org.testng.reporters.JUnitReportReporter -->
<testsuite hostname="DSS-419" name="de.bonprix.module.style.presenter.StylePresenterTest" tests="8" failures="0" timestamp="12 Sep 2017 05:06:01 GMT" time="0.444" errors="0">
  <testcase name="openEditDialog" time="0.003" classname="de.bonprix.module.style.presenter.StylePresenterTest"/>
  <testcase name="filterStyle" time="0.017" classname="de.bonprix.module.style.presenter.StylePresenterTest"/>
  <testcase name="setTree" time="0.128" classname="de.bonprix.module.style.presenter.StylePresenterTest"/>
  <testcase name="openAddDialog" time="0.010" classname="de.bonprix.module.style.presenter.StylePresenterTest"/>
  <testcase name="saveInlineEditedStyle" time="0.005" classname="de.bonprix.module.style.presenter.StylePresenterTest"/>
  <testcase name="deleteStyle" time="0.024" classname="de.bonprix.module.style.presenter.StylePresenterTest"/>
  <testcase name="initialization" time="0.014" classname="de.bonprix.module.style.presenter.StylePresenterTest"/>
  <testcase name="init" time="0.243" classname="de.bonprix.module.style.presenter.StylePresenterTest"/>
</testsuite> <!-- de.bonprix.module.style.presenter.StylePresenterTest -->
