<?xml version="1.0" encoding="UTF-8"?>
<!-- Generated by org.testng.reporters.JUnitReportReporter -->
<testsuite hostname="DSS-419" name="de.bonprix.module.style.StylePresenterTest" tests="1" failures="0" timestamp="11 Sep 2017 06:12:22 GMT" time="0.560" errors="0">
  <testcase name="setTree" time="0.560" classname="de.bonprix.module.style.StylePresenterTest"/>
</testsuite> <!-- de.bonprix.module.style.StylePresenterTest -->
