<?xml version="1.0" encoding="UTF-8"?>
<!-- Generated by org.testng.reporters.JUnitReportReporter -->
<testsuite hostname="DSS-419" name="de.bonprix.module.style.dialog.StyleDialogPresenterTest" tests="7" failures="0" timestamp="12 Sep 2017 05:05:41 GMT" time="0.464" errors="0">
  <testcase name="eventHandlerEdit" time="0.005" classname="de.bonprix.module.style.dialog.StyleDialogPresenterTest"/>
  <testcase name="registerUser" time="0.008" classname="de.bonprix.module.style.dialog.StyleDialogPresenterTest"/>
  <testcase name="eventHandlerAdd" time="0.034" classname="de.bonprix.module.style.dialog.StyleDialogPresenterTest"/>
  <testcase name="saveData" time="0.005" classname="de.bonprix.module.style.dialog.StyleDialogPresenterTest"/>
  <testcase name="init" time="0.010" classname="de.bonprix.module.style.dialog.StyleDialogPresenterTest"/>
  <testcase name="setHeadline" time="0.003" classname="de.bonprix.module.style.dialog.StyleDialogPresenterTest"/>
  <testcase name="updateData" time="0.399" classname="de.bonprix.module.style.dialog.StyleDialogPresenterTest"/>
</testsuite> <!-- de.bonprix.module.style.dialog.StyleDialogPresenterTest -->
