<?xml version="1.0" encoding="UTF-8"?>
<!-- Generated by org.testng.reporters.JUnitReportReporter -->
<testsuite hostname="DSS-419" name="de.bonprix.module.style.presenter.UpdatePresenterTest" tests="1" failures="0" timestamp="15 Sep 2017 09:50:18 GMT" time="0.527" errors="0">
  <testcase name="saveUpdatedStyle" time="0.527" classname="de.bonprix.module.style.presenter.UpdatePresenterTest"/>
</testsuite> <!-- de.bonprix.module.style.presenter.UpdatePresenterTest -->
