<?xml version="1.0" encoding="UTF-8"?>
<!-- Generated by org.testng.reporters.JUnitReportReporter -->
<testsuite hostname="DSS-419" name="de.bonprix.module.style.presenter.AddPresenterTest" tests="1" failures="0" timestamp="15 Sep 2017 10:03:34 GMT" time="0.456" errors="0">
  <testcase name="saveStyle" time="0.456" classname="de.bonprix.module.style.presenter.AddPresenterTest"/>
</testsuite> <!-- de.bonprix.module.style.presenter.AddPresenterTest -->
