<?xml version="1.0" encoding="UTF-8"?>
<!-- Generated by org.testng.reporters.JUnitReportReporter -->
<testsuite hostname="DSS-419" name="de.bonprix.test.serviceImpl.ClientServiceImplTest" tests="2" failures="0" timestamp="13 Sep 2017 06:35:50 GMT" time="0.540" errors="0">
  <testcase name="findAll" time="0.528" classname="de.bonprix.test.serviceImpl.ClientServiceImplTest"/>
  <testcase name="findOne" time="0.012" classname="de.bonprix.test.serviceImpl.ClientServiceImplTest"/>
</testsuite> <!-- de.bonprix.test.serviceImpl.ClientServiceImplTest -->
