<?xml version="1.0" encoding="UTF-8"?>
<!-- Generated by org.testng.reporters.JUnitReportReporter -->
<testsuite hostname="DSS-419" name="de.bonprix.test.serviceImpl.StyleServiceImplTest" tests="1" failures="0" timestamp="12 Oct 2017 09:49:42 GMT" time="0.423" errors="0">
  <testcase name="filter" time="0.423" classname="de.bonprix.test.serviceImpl.StyleServiceImplTest"/>
</testsuite> <!-- de.bonprix.test.serviceImpl.StyleServiceImplTest -->
