<?xml version="1.0" encoding="UTF-8"?>
<!-- Generated by org.testng.reporters.JUnitReportReporter -->
<testsuite hostname="DSS-419" name="de.bonprix.test.serviceImpl.LoginServiceImplTest" tests="7" failures="0" timestamp="13 Sep 2017 06:36:24 GMT" time="0.374" errors="0">
  <testcase name="findAll" time="0.006" classname="de.bonprix.test.serviceImpl.LoginServiceImplTest"/>
  <testcase name="save" time="0.003" classname="de.bonprix.test.serviceImpl.LoginServiceImplTest"/>
  <testcase name="validate" time="0.003" classname="de.bonprix.test.serviceImpl.LoginServiceImplTest"/>
  <testcase name="delete" time="0.042" classname="de.bonprix.test.serviceImpl.LoginServiceImplTest"/>
  <testcase name="saveLoginWithIdTest" time="0.312" classname="de.bonprix.test.serviceImpl.LoginServiceImplTest"/>
  <testcase name="findOne" time="0.003" classname="de.bonprix.test.serviceImpl.LoginServiceImplTest"/>
  <testcase name="updateLoginData" time="0.005" classname="de.bonprix.test.serviceImpl.LoginServiceImplTest"/>
</testsuite> <!-- de.bonprix.test.serviceImpl.LoginServiceImplTest -->
