<?xml version="1.0" encoding="UTF-8"?>
<!-- Generated by org.testng.reporters.JUnitReportReporter -->
<testsuite hostname="DSS-419" name="de.bonprix.test.serviceImpl.ItemServiceImplTest" tests="3" failures="0" timestamp="13 Sep 2017 06:36:14 GMT" time="0.378" errors="0">
  <testcase name="findAll" time="0.037" classname="de.bonprix.test.serviceImpl.ItemServiceImplTest"/>
  <testcase name="findOne" time="0.011" classname="de.bonprix.test.serviceImpl.ItemServiceImplTest"/>
  <testcase name="saveItem" time="0.330" classname="de.bonprix.test.serviceImpl.ItemServiceImplTest"/>
</testsuite> <!-- de.bonprix.test.serviceImpl.ItemServiceImplTest -->
