<?xml version="1.0" encoding="UTF-8"?>
<!-- Generated by org.testng.reporters.JUnitReportReporter -->
<testsuite hostname="DSS-419" name="de.bonprix.test.feature.StreamClass" tests="16" failures="0" timestamp="16 Oct 2017 06:01:07 GMT" time="0.147" errors="0">
  <testcase name="testListToSet" time="0.004" classname="de.bonprix.test.feature.StreamClass"/>
  <testcase name="testParallelSorting" time="0.002" classname="de.bonprix.test.feature.StreamClass"/>
  <testcase name="testPredicate" time="0.004" classname="de.bonprix.test.feature.StreamClass"/>
  <testcase name="testListToMap" time="0.005" classname="de.bonprix.test.feature.StreamClass"/>
  <testcase name="testAveragePrice" time="0.050" classname="de.bonprix.test.feature.StreamClass"/>
  <testcase name="testMinMax" time="0.018" classname="de.bonprix.test.feature.StreamClass"/>
  <testcase name="testReferencing" time="0.004" classname="de.bonprix.test.feature.StreamClass"/>
  <testcase name="testJavaFeature" time="0.016" classname="de.bonprix.test.feature.StreamClass"/>
  <testcase name="testStringJoiner" time="0.001" classname="de.bonprix.test.feature.StreamClass"/>
  <testcase name="testMethodInterface" time="0.003" classname="de.bonprix.test.feature.StreamClass"/>
  <testcase name="testCount" time="0.003" classname="de.bonprix.test.feature.StreamClass"/>
  <testcase name="testIterate" time="0.004" classname="de.bonprix.test.feature.StreamClass"/>
  <testcase name="testReduce" time="0.017" classname="de.bonprix.test.feature.StreamClass"/>
  <testcase name="test" time="0.006" classname="de.bonprix.test.feature.StreamClass"/>
  <testcase name="testOptional" time="0.005" classname="de.bonprix.test.feature.StreamClass"/>
  <testcase name="testSumByCollectorsMethod" time="0.005" classname="de.bonprix.test.feature.StreamClass"/>
</testsuite> <!-- de.bonprix.test.feature.StreamClass -->
