<?xml version="1.0" encoding="UTF-8"?>
<!-- Generated by org.testng.reporters.JUnitReportReporter -->
<testsuite hostname="DSS-419" name="de.bonprix.test.season.TestOptionalClass" tests="1" failures="0" timestamp="2 Aug 2017 12:39:10 GMT" time="0.325" errors="0">
  <testcase name="testFeatures" time="0.325" classname="de.bonprix.test.season.TestOptionalClass"/>
</testsuite> <!-- de.bonprix.test.season.TestOptionalClass -->
