<?xml version="1.0" encoding="UTF-8"?>
<!-- Generated by org.testng.reporters.JUnitReportReporter -->
<testsuite hostname="DSS-419" name="de.bonprix.test.serviceImpl.CountryServiceImplTest" tests="2" failures="0" timestamp="13 Sep 2017 06:36:04 GMT" time="0.316" errors="0">
  <testcase name="findAllCountries" time="0.305" classname="de.bonprix.test.serviceImpl.CountryServiceImplTest"/>
  <testcase name="findOneCountry" time="0.011" classname="de.bonprix.test.serviceImpl.CountryServiceImplTest"/>
</testsuite> <!-- de.bonprix.test.serviceImpl.CountryServiceImplTest -->
