<?xml version="1.0" encoding="UTF-8"?>
<!-- Generated by org.testng.reporters.JUnitReportReporter -->
<testsuite hostname="DSS-419" name="de.bonprix.test.season.StyleServiceImplTest" tests="1" failures="0" timestamp="9 Aug 2017 10:34:22 GMT" time="0.564" errors="0">
  <testcase name="findOne" time="0.564" classname="de.bonprix.test.season.StyleServiceImplTest"/>
</testsuite> <!-- de.bonprix.test.season.StyleServiceImplTest -->
