<?xml version="1.0" encoding="UTF-8"?>
<!-- Generated by org.testng.reporters.JUnitReportReporter -->
<testsuite hostname="DSS-419" name="de.bonprix.test.serviceImpl.SeasonServiceImplTest" tests="2" failures="0" timestamp="13 Sep 2017 06:36:40 GMT" time="0.321" errors="0">
  <testcase name="findAll" time="0.032" classname="de.bonprix.test.serviceImpl.SeasonServiceImplTest"/>
  <testcase name="findOne" time="0.289" classname="de.bonprix.test.serviceImpl.SeasonServiceImplTest"/>
</testsuite> <!-- de.bonprix.test.serviceImpl.SeasonServiceImplTest -->
