<?xml version="1.0" encoding="UTF-8"?>
<!-- Generated by org.testng.reporters.JUnitReportReporter -->
<testsuite hostname="DSS-419" name="de.bonprix.test.serviceImpl.TestOptionalClass" tests="1" failures="0" timestamp="11 Aug 2017 04:39:45 GMT" time="0.120" errors="0">
  <testcase name="testFeatures" time="0.120" classname="de.bonprix.test.serviceImpl.TestOptionalClass"/>
</testsuite> <!-- de.bonprix.test.serviceImpl.TestOptionalClass -->
